<?xml version="1.0" encoding="UTF-8"?>
<coverage generated="1689606184131" clover="3.2.0">
  <project timestamp="1689606184131" name="All files">
    <metrics statements="33" coveredstatements="32" conditionals="14" coveredconditionals="11" methods="4" coveredmethods="4" elements="51" coveredelements="47" complexity="0" loc="33" ncloc="33" packages="2" files="2" classes="2"/>
    <package name="controllers">
      <metrics statements="12" coveredstatements="11" conditionals="0" coveredconditionals="0" methods="1" coveredmethods="1"/>
      <file name="weatherAlarm.ts" path="C:\Users\WackyMachine\Documents\GitHub\Cloud-App\src\controllers\weatherAlarm.ts">
        <metrics statements="12" coveredstatements="11" conditionals="0" coveredconditionals="0" methods="1" coveredmethods="1"/>
        <line num="11" count="1" type="stmt"/>
        <line num="12" count="3" type="stmt"/>
        <line num="13" count="3" type="stmt"/>
        <line num="15" count="3" type="stmt"/>
        <line num="16" count="3" type="stmt"/>
        <line num="17" count="3" type="stmt"/>
        <line num="19" count="3" type="stmt"/>
        <line num="20" count="3" type="stmt"/>
        <line num="21" count="3" type="stmt"/>
        <line num="23" count="3" type="stmt"/>
        <line num="25" count="3" type="stmt"/>
        <line num="27" count="0" type="stmt"/>
      </file>
    </package>
    <package name="controllers.nextDayPrediction">
      <metrics statements="21" coveredstatements="21" conditionals="14" coveredconditionals="11" methods="3" coveredmethods="3"/>
      <file name="weatherCalculator.ts" path="C:\Users\WackyMachine\Documents\GitHub\Cloud-App\src\controllers\nextDayPrediction\weatherCalculator.ts">
        <metrics statements="21" coveredstatements="21" conditionals="14" coveredconditionals="11" methods="3" coveredmethods="3"/>
        <line num="11" count="6" type="cond" truecount="1" falsecount="1"/>
        <line num="12" count="6" type="stmt"/>
        <line num="13" count="6" type="stmt"/>
        <line num="16" count="6" type="cond" truecount="2" falsecount="0"/>
        <line num="17" count="2" type="stmt"/>
        <line num="21" count="4" type="cond" truecount="2" falsecount="0"/>
        <line num="22" count="2" type="stmt"/>
        <line num="27" count="2" type="stmt"/>
        <line num="32" count="6" type="stmt"/>
        <line num="42" count="8" type="stmt"/>
        <line num="43" count="158" type="cond" truecount="1" falsecount="1"/>
        <line num="44" count="158" type="stmt"/>
        <line num="45" count="158" type="cond" truecount="2" falsecount="0"/>
        <line num="46" count="3" type="stmt"/>
        <line num="51" count="5" type="stmt"/>
        <line num="60" count="8" type="stmt"/>
        <line num="61" count="144" type="cond" truecount="1" falsecount="1"/>
        <line num="62" count="144" type="stmt"/>
        <line num="63" count="144" type="cond" truecount="2" falsecount="0"/>
        <line num="64" count="3" type="stmt"/>
        <line num="69" count="5" type="stmt"/>
      </file>
    </package>
  </project>
</coverage>
