<?xml version="1.0" encoding="UTF-8"?>
<coverage generated="1689754820549" clover="3.2.0">
  <project timestamp="1689754820549" name="All files">
    <metrics statements="66" coveredstatements="64" conditionals="28" coveredconditionals="24" methods="7" coveredmethods="7" elements="101" coveredelements="95" complexity="0" loc="66" ncloc="66" packages="3" files="3" classes="3"/>
    <package name="controllers">
      <metrics statements="21" coveredstatements="19" conditionals="0" coveredconditionals="0" methods="2" coveredmethods="2"/>
      <file name="weatherAlarm.ts" path="C:\Users\WackyMachine\Documents\GitHub\Cloud-App\src\controllers\weatherAlarm.ts">
        <metrics statements="21" coveredstatements="19" conditionals="0" coveredconditionals="0" methods="2" coveredmethods="2"/>
        <line num="11" count="1" type="stmt"/>
        <line num="12" count="3" type="stmt"/>
        <line num="13" count="3" type="stmt"/>
        <line num="15" count="3" type="stmt"/>
        <line num="16" count="3" type="stmt"/>
        <line num="17" count="3" type="stmt"/>
        <line num="19" count="3" type="stmt"/>
        <line num="20" count="3" type="stmt"/>
        <line num="21" count="3" type="stmt"/>
        <line num="23" count="3" type="stmt"/>
        <line num="25" count="3" type="stmt"/>
        <line num="27" count="0" type="stmt"/>
        <line num="35" count="1" type="stmt"/>
        <line num="36" count="4" type="stmt"/>
        <line num="37" count="4" type="stmt"/>
        <line num="38" count="4" type="stmt"/>
        <line num="39" count="4" type="stmt"/>
        <line num="40" count="4" type="stmt"/>
        <line num="42" count="4" type="stmt"/>
        <line num="44" count="4" type="stmt"/>
        <line num="46" count="0" type="stmt"/>
      </file>
    </package>
    <package name="controllers.hourPrediction">
      <metrics statements="24" coveredstatements="24" conditionals="14" coveredconditionals="13" methods="2" coveredmethods="2"/>
      <file name="weatherUtils.ts" path="C:\Users\WackyMachine\Documents\GitHub\Cloud-App\src\controllers\hourPrediction\weatherUtils.ts">
        <metrics statements="24" coveredstatements="24" conditionals="14" coveredconditionals="13" methods="2" coveredmethods="2"/>
        <line num="8" count="5" type="stmt"/>
        <line num="9" count="5" type="stmt"/>
        <line num="11" count="5" type="stmt"/>
        <line num="12" count="5" type="stmt"/>
        <line num="13" count="55" type="stmt"/>
        <line num="14" count="55" type="stmt"/>
        <line num="16" count="55" type="cond" truecount="2" falsecount="0"/>
        <line num="17" count="5" type="stmt"/>
        <line num="18" count="5" type="stmt"/>
        <line num="21" count="5" type="stmt"/>
        <line num="22" count="5" type="cond" truecount="1" falsecount="1"/>
        <line num="23" count="5" type="stmt"/>
        <line num="24" count="5" type="cond" truecount="2" falsecount="0"/>
        <line num="25" count="2" type="stmt"/>
        <line num="26" count="2" type="stmt"/>
        <line num="30" count="5" type="stmt"/>
        <line num="42" count="11" type="cond" truecount="2" falsecount="0"/>
        <line num="43" count="2" type="stmt"/>
        <line num="48" count="9" type="cond" truecount="4" falsecount="0"/>
        <line num="49" count="2" type="stmt"/>
        <line num="54" count="7" type="cond" truecount="2" falsecount="0"/>
        <line num="55" count="2" type="stmt"/>
        <line num="61" count="5" type="stmt"/>
        <line num="68" count="11" type="stmt"/>
      </file>
    </package>
    <package name="controllers.nextDayPrediction">
      <metrics statements="21" coveredstatements="21" conditionals="14" coveredconditionals="11" methods="3" coveredmethods="3"/>
      <file name="weatherCalculator.ts" path="C:\Users\WackyMachine\Documents\GitHub\Cloud-App\src\controllers\nextDayPrediction\weatherCalculator.ts">
        <metrics statements="21" coveredstatements="21" conditionals="14" coveredconditionals="11" methods="3" coveredmethods="3"/>
        <line num="11" count="6" type="cond" truecount="1" falsecount="1"/>
        <line num="12" count="6" type="stmt"/>
        <line num="13" count="6" type="stmt"/>
        <line num="16" count="6" type="cond" truecount="2" falsecount="0"/>
        <line num="17" count="2" type="stmt"/>
        <line num="21" count="4" type="cond" truecount="2" falsecount="0"/>
        <line num="22" count="2" type="stmt"/>
        <line num="27" count="2" type="stmt"/>
        <line num="32" count="6" type="stmt"/>
        <line num="42" count="8" type="stmt"/>
        <line num="43" count="158" type="cond" truecount="1" falsecount="1"/>
        <line num="44" count="158" type="stmt"/>
        <line num="45" count="158" type="cond" truecount="2" falsecount="0"/>
        <line num="46" count="3" type="stmt"/>
        <line num="51" count="5" type="stmt"/>
        <line num="60" count="8" type="stmt"/>
        <line num="61" count="144" type="cond" truecount="1" falsecount="1"/>
        <line num="62" count="144" type="stmt"/>
        <line num="63" count="144" type="cond" truecount="2" falsecount="0"/>
        <line num="64" count="3" type="stmt"/>
        <line num="69" count="5" type="stmt"/>
      </file>
    </package>
  </project>
</coverage>
