{"C:\\Users\\WackyMachine\\Documents\\GitHub\\Cloud-App\\src\\controllers\\weatherAlarm.ts": {"path":"C:\\Users\\WackyMachine\\Documents\\GitHub\\Cloud-App\\src\\controllers\\weatherAlarm.ts","statementMap":{"0":{"start":{"line":11,"column":30},"end":{"line":29,"column":1}},"1":{"start":{"line":12,"column":4},"end":{"line":28,"column":5}},"2":{"start":{"line":13,"column":40},"end":{"line":13,"column":49}},"3":{"start":{"line":15,"column":28},"end":{"line":15,"column":38}},"4":{"start":{"line":16,"column":8},"end":{"line":16,"column":55}},"5":{"start":{"line":17,"column":29},"end":{"line":17,"column":67}},"6":{"start":{"line":19,"column":20},"end":{"line":19,"column":200}},"7":{"start":{"line":20,"column":25},"end":{"line":20,"column":45}},"8":{"start":{"line":21,"column":21},"end":{"line":21,"column":34}},"9":{"start":{"line":23,"column":30},"end":{"line":23,"column":70}},"10":{"start":{"line":25,"column":8},"end":{"line":25,"column":32}},"11":{"start":{"line":27,"column":8},"end":{"line":27,"column":94}},"12":{"start":{"line":35,"column":30},"end":{"line":48,"column":1}},"13":{"start":{"line":36,"column":4},"end":{"line":47,"column":5}},"14":{"start":{"line":37,"column":40},"end":{"line":37,"column":49}},"15":{"start":{"line":38,"column":20},"end":{"line":38,"column":170}},"16":{"start":{"line":39,"column":25},"end":{"line":39,"column":45}},"17":{"start":{"line":40,"column":21},"end":{"line":40,"column":34}},"18":{"start":{"line":42,"column":30},"end":{"line":42,"column":53}},"19":{"start":{"line":44,"column":8},"end":{"line":44,"column":32}},"20":{"start":{"line":46,"column":8},"end":{"line":46,"column":94}}},"fnMap":{"0":{"name":"(anonymous_0)","decl":{"start":{"line":11,"column":30},"end":{"line":11,"column":31}},"loc":{"start":{"line":11,"column":69},"end":{"line":29,"column":1}},"line":11},"1":{"name":"(anonymous_1)","decl":{"start":{"line":35,"column":30},"end":{"line":35,"column":31}},"loc":{"start":{"line":35,"column":69},"end":{"line":48,"column":1}},"line":35}},"branchMap":{},"s":{"0":1,"1":3,"2":3,"3":3,"4":3,"5":3,"6":3,"7":3,"8":3,"9":3,"10":3,"11":0,"12":1,"13":4,"14":4,"15":4,"16":4,"17":4,"18":4,"19":4,"20":0},"f":{"0":3,"1":4},"b":{},"_coverageSchema":"1a1c01bbd47fc00a2c39e90264f33305004495a9","hash":"fb2f944f2567f42d1207f73921672c71370f27da"}
,"C:\\Users\\WackyMachine\\Documents\\GitHub\\Cloud-App\\src\\controllers\\hourPrediction\\weatherUtils.ts": {"path":"C:\\Users\\WackyMachine\\Documents\\GitHub\\Cloud-App\\src\\controllers\\hourPrediction\\weatherUtils.ts","statementMap":{"0":{"start":{"line":8,"column":24},"end":{"line":8,"column":48}},"1":{"start":{"line":9,"column":23},"end":{"line":9,"column":39}},"2":{"start":{"line":11,"column":17},"end":{"line":11,"column":21}},"3":{"start":{"line":12,"column":4},"end":{"line":20,"column":5}},"4":{"start":{"line":12,"column":17},"end":{"line":12,"column":18}},"5":{"start":{"line":13,"column":21},"end":{"line":13,"column":44}},"6":{"start":{"line":14,"column":21},"end":{"line":14,"column":39}},"7":{"start":{"line":16,"column":8},"end":{"line":19,"column":9}},"8":{"start":{"line":17,"column":12},"end":{"line":17,"column":23}},"9":{"start":{"line":18,"column":12},"end":{"line":18,"column":18}},"10":{"start":{"line":21,"column":31},"end":{"line":21,"column":35}},"11":{"start":{"line":22,"column":4},"end":{"line":28,"column":5}},"12":{"start":{"line":23,"column":8},"end":{"line":23,"column":77}},"13":{"start":{"line":24,"column":8},"end":{"line":27,"column":9}},"14":{"start":{"line":25,"column":12},"end":{"line":25,"column":32}},"15":{"start":{"line":26,"column":12},"end":{"line":26,"column":83}},"16":{"start":{"line":30,"column":4},"end":{"line":30,"column":32}},"17":{"start":{"line":42,"column":4},"end":{"line":66,"column":5}},"18":{"start":{"line":43,"column":8},"end":{"line":47,"column":10}},"19":{"start":{"line":48,"column":11},"end":{"line":66,"column":5}},"20":{"start":{"line":49,"column":8},"end":{"line":53,"column":10}},"21":{"start":{"line":54,"column":11},"end":{"line":66,"column":5}},"22":{"start":{"line":55,"column":8},"end":{"line":59,"column":10}},"23":{"start":{"line":61,"column":8},"end":{"line":65,"column":10}},"24":{"start":{"line":68,"column":4},"end":{"line":68,"column":25}}},"fnMap":{"0":{"name":"processData","decl":{"start":{"line":6,"column":16},"end":{"line":6,"column":27}},"loc":{"start":{"line":6,"column":39},"end":{"line":31,"column":1}},"line":6},"1":{"name":"processWeatherConditions","decl":{"start":{"line":38,"column":16},"end":{"line":38,"column":40}},"loc":{"start":{"line":38,"column":64},"end":{"line":69,"column":1}},"line":38}},"branchMap":{"0":{"loc":{"start":{"line":16,"column":8},"end":{"line":19,"column":9}},"type":"if","locations":[{"start":{"line":16,"column":8},"end":{"line":19,"column":9}},{"start":{},"end":{}}],"line":16},"1":{"loc":{"start":{"line":22,"column":4},"end":{"line":28,"column":5}},"type":"if","locations":[{"start":{"line":22,"column":4},"end":{"line":28,"column":5}},{"start":{},"end":{}}],"line":22},"2":{"loc":{"start":{"line":24,"column":8},"end":{"line":27,"column":9}},"type":"if","locations":[{"start":{"line":24,"column":8},"end":{"line":27,"column":9}},{"start":{},"end":{}}],"line":24},"3":{"loc":{"start":{"line":42,"column":4},"end":{"line":66,"column":5}},"type":"if","locations":[{"start":{"line":42,"column":4},"end":{"line":66,"column":5}},{"start":{"line":48,"column":11},"end":{"line":66,"column":5}}],"line":42},"4":{"loc":{"start":{"line":48,"column":11},"end":{"line":66,"column":5}},"type":"if","locations":[{"start":{"line":48,"column":11},"end":{"line":66,"column":5}},{"start":{"line":54,"column":11},"end":{"line":66,"column":5}}],"line":48},"5":{"loc":{"start":{"line":48,"column":15},"end":{"line":48,"column":66}},"type":"binary-expr","locations":[{"start":{"line":48,"column":15},"end":{"line":48,"column":32}},{"start":{"line":48,"column":37},"end":{"line":48,"column":65}}],"line":48},"6":{"loc":{"start":{"line":54,"column":11},"end":{"line":66,"column":5}},"type":"if","locations":[{"start":{"line":54,"column":11},"end":{"line":66,"column":5}},{"start":{"line":60,"column":11},"end":{"line":66,"column":5}}],"line":54}},"s":{"0":5,"1":5,"2":5,"3":5,"4":5,"5":55,"6":55,"7":55,"8":5,"9":5,"10":5,"11":5,"12":5,"13":5,"14":2,"15":2,"16":5,"17":11,"18":2,"19":9,"20":2,"21":7,"22":2,"23":5,"24":11},"f":{"0":5,"1":11},"b":{"0":[5,50],"1":[5,0],"2":[2,3],"3":[2,9],"4":[2,7],"5":[9,4],"6":[2,5]},"_coverageSchema":"1a1c01bbd47fc00a2c39e90264f33305004495a9","hash":"ca2e6cf14c8e87b6d5fe74020b2640643ca3d6ae"}
,"C:\\Users\\WackyMachine\\Documents\\GitHub\\Cloud-App\\src\\controllers\\nextDayPrediction\\weatherCalculator.ts": {"path":"C:\\Users\\WackyMachine\\Documents\\GitHub\\Cloud-App\\src\\controllers\\nextDayPrediction\\weatherCalculator.ts","statementMap":{"0":{"start":{"line":11,"column":3},"end":{"line":14,"column":4}},"1":{"start":{"line":12,"column":6},"end":{"line":12,"column":63}},"2":{"start":{"line":13,"column":6},"end":{"line":13,"column":66}},"3":{"start":{"line":16,"column":3},"end":{"line":30,"column":4}},"4":{"start":{"line":17,"column":6},"end":{"line":20,"column":7}},"5":{"start":{"line":21,"column":10},"end":{"line":30,"column":4}},"6":{"start":{"line":22,"column":6},"end":{"line":25,"column":7}},"7":{"start":{"line":27,"column":6},"end":{"line":29,"column":7}},"8":{"start":{"line":32,"column":3},"end":{"line":32,"column":17}},"9":{"start":{"line":42,"column":3},"end":{"line":49,"column":4}},"10":{"start":{"line":43,"column":6},"end":{"line":48,"column":7}},"11":{"start":{"line":44,"column":29},"end":{"line":44,"column":39}},"12":{"start":{"line":45,"column":9},"end":{"line":47,"column":10}},"13":{"start":{"line":46,"column":12},"end":{"line":46,"column":24}},"14":{"start":{"line":51,"column":3},"end":{"line":51,"column":16}},"15":{"start":{"line":60,"column":3},"end":{"line":67,"column":4}},"16":{"start":{"line":61,"column":6},"end":{"line":66,"column":7}},"17":{"start":{"line":62,"column":29},"end":{"line":62,"column":39}},"18":{"start":{"line":63,"column":9},"end":{"line":65,"column":10}},"19":{"start":{"line":64,"column":12},"end":{"line":64,"column":23}},"20":{"start":{"line":69,"column":3},"end":{"line":69,"column":16}}},"fnMap":{"0":{"name":"processNextDayWeather","decl":{"start":{"line":6,"column":16},"end":{"line":6,"column":37}},"loc":{"start":{"line":6,"column":49},"end":{"line":33,"column":1}},"line":6},"1":{"name":"scanTemperature","decl":{"start":{"line":40,"column":16},"end":{"line":40,"column":31}},"loc":{"start":{"line":40,"column":43},"end":{"line":52,"column":1}},"line":40},"2":{"name":"scanSoilFrost","decl":{"start":{"line":59,"column":16},"end":{"line":59,"column":29}},"loc":{"start":{"line":59,"column":41},"end":{"line":70,"column":1}},"line":59}},"branchMap":{"0":{"loc":{"start":{"line":11,"column":3},"end":{"line":14,"column":4}},"type":"if","locations":[{"start":{"line":11,"column":3},"end":{"line":14,"column":4}},{"start":{},"end":{}}],"line":11},"1":{"loc":{"start":{"line":16,"column":3},"end":{"line":30,"column":4}},"type":"if","locations":[{"start":{"line":16,"column":3},"end":{"line":30,"column":4}},{"start":{"line":21,"column":10},"end":{"line":30,"column":4}}],"line":16},"2":{"loc":{"start":{"line":21,"column":10},"end":{"line":30,"column":4}},"type":"if","locations":[{"start":{"line":21,"column":10},"end":{"line":30,"column":4}},{"start":{"line":26,"column":10},"end":{"line":30,"column":4}}],"line":21},"3":{"loc":{"start":{"line":43,"column":6},"end":{"line":48,"column":7}},"type":"if","locations":[{"start":{"line":43,"column":6},"end":{"line":48,"column":7}},{"start":{},"end":{}}],"line":43},"4":{"loc":{"start":{"line":45,"column":9},"end":{"line":47,"column":10}},"type":"if","locations":[{"start":{"line":45,"column":9},"end":{"line":47,"column":10}},{"start":{},"end":{}}],"line":45},"5":{"loc":{"start":{"line":61,"column":6},"end":{"line":66,"column":7}},"type":"if","locations":[{"start":{"line":61,"column":6},"end":{"line":66,"column":7}},{"start":{},"end":{}}],"line":61},"6":{"loc":{"start":{"line":63,"column":9},"end":{"line":65,"column":10}},"type":"if","locations":[{"start":{"line":63,"column":9},"end":{"line":65,"column":10}},{"start":{},"end":{}}],"line":63}},"s":{"0":6,"1":6,"2":6,"3":6,"4":2,"5":4,"6":2,"7":2,"8":6,"9":8,"10":158,"11":158,"12":158,"13":3,"14":5,"15":8,"16":144,"17":144,"18":144,"19":3,"20":5},"f":{"0":6,"1":8,"2":8},"b":{"0":[6,0],"1":[2,4],"2":[2,2],"3":[158,0],"4":[3,155],"5":[144,0],"6":[3,141]},"_coverageSchema":"1a1c01bbd47fc00a2c39e90264f33305004495a9","hash":"a55c22a57fab58b58bede7cea61da712fecde0c4"}
}
