{"C:\\Users\\WackyMachine\\Documents\\GitHub\\Cloud-App\\src\\controllers\\weatherAlarm.ts": {"path":"C:\\Users\\WackyMachine\\Documents\\GitHub\\Cloud-App\\src\\controllers\\weatherAlarm.ts","statementMap":{"0":{"start":{"line":11,"column":30},"end":{"line":29,"column":1}},"1":{"start":{"line":12,"column":4},"end":{"line":28,"column":5}},"2":{"start":{"line":13,"column":40},"end":{"line":13,"column":49}},"3":{"start":{"line":15,"column":28},"end":{"line":15,"column":38}},"4":{"start":{"line":16,"column":8},"end":{"line":16,"column":55}},"5":{"start":{"line":17,"column":29},"end":{"line":17,"column":67}},"6":{"start":{"line":19,"column":20},"end":{"line":19,"column":200}},"7":{"start":{"line":20,"column":25},"end":{"line":20,"column":45}},"8":{"start":{"line":21,"column":21},"end":{"line":21,"column":34}},"9":{"start":{"line":23,"column":30},"end":{"line":23,"column":70}},"10":{"start":{"line":25,"column":8},"end":{"line":25,"column":32}},"11":{"start":{"line":27,"column":8},"end":{"line":27,"column":94}}},"fnMap":{"0":{"name":"(anonymous_0)","decl":{"start":{"line":11,"column":30},"end":{"line":11,"column":31}},"loc":{"start":{"line":11,"column":69},"end":{"line":29,"column":1}},"line":11}},"branchMap":{},"s":{"0":1,"1":3,"2":3,"3":3,"4":3,"5":3,"6":3,"7":3,"8":3,"9":3,"10":3,"11":0},"f":{"0":3},"b":{},"_coverageSchema":"1a1c01bbd47fc00a2c39e90264f33305004495a9","hash":"da7b404a399950deadc529969028ae997dc937aa"}
,"C:\\Users\\WackyMachine\\Documents\\GitHub\\Cloud-App\\src\\controllers\\nextDayPrediction\\weatherCalculator.ts": {"path":"C:\\Users\\WackyMachine\\Documents\\GitHub\\Cloud-App\\src\\controllers\\nextDayPrediction\\weatherCalculator.ts","statementMap":{"0":{"start":{"line":11,"column":3},"end":{"line":14,"column":4}},"1":{"start":{"line":12,"column":6},"end":{"line":12,"column":63}},"2":{"start":{"line":13,"column":6},"end":{"line":13,"column":66}},"3":{"start":{"line":16,"column":3},"end":{"line":30,"column":4}},"4":{"start":{"line":17,"column":6},"end":{"line":20,"column":7}},"5":{"start":{"line":21,"column":10},"end":{"line":30,"column":4}},"6":{"start":{"line":22,"column":6},"end":{"line":25,"column":7}},"7":{"start":{"line":27,"column":6},"end":{"line":29,"column":7}},"8":{"start":{"line":32,"column":3},"end":{"line":32,"column":17}},"9":{"start":{"line":42,"column":3},"end":{"line":49,"column":4}},"10":{"start":{"line":43,"column":6},"end":{"line":48,"column":7}},"11":{"start":{"line":44,"column":29},"end":{"line":44,"column":39}},"12":{"start":{"line":45,"column":9},"end":{"line":47,"column":10}},"13":{"start":{"line":46,"column":12},"end":{"line":46,"column":24}},"14":{"start":{"line":51,"column":3},"end":{"line":51,"column":16}},"15":{"start":{"line":60,"column":3},"end":{"line":67,"column":4}},"16":{"start":{"line":61,"column":6},"end":{"line":66,"column":7}},"17":{"start":{"line":62,"column":29},"end":{"line":62,"column":39}},"18":{"start":{"line":63,"column":9},"end":{"line":65,"column":10}},"19":{"start":{"line":64,"column":12},"end":{"line":64,"column":23}},"20":{"start":{"line":69,"column":3},"end":{"line":69,"column":16}}},"fnMap":{"0":{"name":"processNextDayWeather","decl":{"start":{"line":6,"column":16},"end":{"line":6,"column":37}},"loc":{"start":{"line":6,"column":49},"end":{"line":33,"column":1}},"line":6},"1":{"name":"scanTemperature","decl":{"start":{"line":40,"column":16},"end":{"line":40,"column":31}},"loc":{"start":{"line":40,"column":43},"end":{"line":52,"column":1}},"line":40},"2":{"name":"scanSoilFrost","decl":{"start":{"line":59,"column":16},"end":{"line":59,"column":29}},"loc":{"start":{"line":59,"column":41},"end":{"line":70,"column":1}},"line":59}},"branchMap":{"0":{"loc":{"start":{"line":11,"column":3},"end":{"line":14,"column":4}},"type":"if","locations":[{"start":{"line":11,"column":3},"end":{"line":14,"column":4}},{"start":{},"end":{}}],"line":11},"1":{"loc":{"start":{"line":16,"column":3},"end":{"line":30,"column":4}},"type":"if","locations":[{"start":{"line":16,"column":3},"end":{"line":30,"column":4}},{"start":{"line":21,"column":10},"end":{"line":30,"column":4}}],"line":16},"2":{"loc":{"start":{"line":21,"column":10},"end":{"line":30,"column":4}},"type":"if","locations":[{"start":{"line":21,"column":10},"end":{"line":30,"column":4}},{"start":{"line":26,"column":10},"end":{"line":30,"column":4}}],"line":21},"3":{"loc":{"start":{"line":43,"column":6},"end":{"line":48,"column":7}},"type":"if","locations":[{"start":{"line":43,"column":6},"end":{"line":48,"column":7}},{"start":{},"end":{}}],"line":43},"4":{"loc":{"start":{"line":45,"column":9},"end":{"line":47,"column":10}},"type":"if","locations":[{"start":{"line":45,"column":9},"end":{"line":47,"column":10}},{"start":{},"end":{}}],"line":45},"5":{"loc":{"start":{"line":61,"column":6},"end":{"line":66,"column":7}},"type":"if","locations":[{"start":{"line":61,"column":6},"end":{"line":66,"column":7}},{"start":{},"end":{}}],"line":61},"6":{"loc":{"start":{"line":63,"column":9},"end":{"line":65,"column":10}},"type":"if","locations":[{"start":{"line":63,"column":9},"end":{"line":65,"column":10}},{"start":{},"end":{}}],"line":63}},"s":{"0":6,"1":6,"2":6,"3":6,"4":2,"5":4,"6":2,"7":2,"8":6,"9":8,"10":158,"11":158,"12":158,"13":3,"14":5,"15":8,"16":144,"17":144,"18":144,"19":3,"20":5},"f":{"0":6,"1":8,"2":8},"b":{"0":[6,0],"1":[2,4],"2":[2,2],"3":[158,0],"4":[3,155],"5":[144,0],"6":[3,141]},"_coverageSchema":"1a1c01bbd47fc00a2c39e90264f33305004495a9","hash":"a55c22a57fab58b58bede7cea61da712fecde0c4"}
}
