TN:
SF:src\controllers\weatherAlarm.ts
FN:11,(anonymous_0)
FN:35,(anonymous_1)
FNF:2
FNH:2
FNDA:3,(anonymous_0)
FNDA:4,(anonymous_1)
DA:11,1
DA:12,3
DA:13,3
DA:15,3
DA:16,3
DA:17,3
DA:19,3
DA:20,3
DA:21,3
DA:23,3
DA:25,3
DA:27,0
DA:35,1
DA:36,4
DA:37,4
DA:38,4
DA:39,4
DA:40,4
DA:42,4
DA:44,4
DA:46,0
LF:21
LH:19
BRF:0
BRH:0
end_of_record
TN:
SF:src\controllers\hourPrediction\weatherUtils.ts
FN:6,processData
FN:38,processWeatherConditions
FNF:2
FNH:2
FNDA:5,processData
FNDA:11,processWeatherConditions
DA:8,5
DA:9,5
DA:11,5
DA:12,5
DA:13,55
DA:14,55
DA:16,55
DA:17,5
DA:18,5
DA:21,5
DA:22,5
DA:23,5
DA:24,5
DA:25,2
DA:26,2
DA:30,5
DA:42,11
DA:43,2
DA:48,9
DA:49,2
DA:54,7
DA:55,2
DA:61,5
DA:68,11
LF:24
LH:24
BRDA:16,0,0,5
BRDA:16,0,1,50
BRDA:22,1,0,5
BRDA:22,1,1,0
BRDA:24,2,0,2
BRDA:24,2,1,3
BRDA:42,3,0,2
BRDA:42,3,1,9
BRDA:48,4,0,2
BRDA:48,4,1,7
BRDA:48,5,0,9
BRDA:48,5,1,4
BRDA:54,6,0,2
BRDA:54,6,1,5
BRF:14
BRH:13
end_of_record
TN:
SF:src\controllers\nextDayPrediction\weatherCalculator.ts
FN:6,processNextDayWeather
FN:40,scanTemperature
FN:59,scanSoilFrost
FNF:3
FNH:3
FNDA:6,processNextDayWeather
FNDA:8,scanTemperature
FNDA:8,scanSoilFrost
DA:11,6
DA:12,6
DA:13,6
DA:16,6
DA:17,2
DA:21,4
DA:22,2
DA:27,2
DA:32,6
DA:42,8
DA:43,158
DA:44,158
DA:45,158
DA:46,3
DA:51,5
DA:60,8
DA:61,144
DA:62,144
DA:63,144
DA:64,3
DA:69,5
LF:21
LH:21
BRDA:11,0,0,6
BRDA:11,0,1,0
BRDA:16,1,0,2
BRDA:16,1,1,4
BRDA:21,2,0,2
BRDA:21,2,1,2
BRDA:43,3,0,158
BRDA:43,3,1,0
BRDA:45,4,0,3
BRDA:45,4,1,155
BRDA:61,5,0,144
BRDA:61,5,1,0
BRDA:63,6,0,3
BRDA:63,6,1,141
BRF:14
BRH:11
end_of_record
