TN:
SF:src\controllers\weatherAlarm.ts
FN:11,(anonymous_0)
FNF:1
FNH:1
FNDA:3,(anonymous_0)
DA:11,1
DA:12,3
DA:13,3
DA:15,3
DA:16,3
DA:17,3
DA:19,3
DA:20,3
DA:21,3
DA:23,3
DA:25,3
DA:27,0
LF:12
LH:11
BRF:0
BRH:0
end_of_record
TN:
SF:src\controllers\nextDayPrediction\weatherCalculator.ts
FN:6,processNextDayWeather
FN:40,scanTemperature
FN:59,scanSoilFrost
FNF:3
FNH:3
FNDA:6,processNextDayWeather
FNDA:8,scanTemperature
FNDA:8,scanSoilFrost
DA:11,6
DA:12,6
DA:13,6
DA:16,6
DA:17,2
DA:21,4
DA:22,2
DA:27,2
DA:32,6
DA:42,8
DA:43,158
DA:44,158
DA:45,158
DA:46,3
DA:51,5
DA:60,8
DA:61,144
DA:62,144
DA:63,144
DA:64,3
DA:69,5
LF:21
LH:21
BRDA:11,0,0,6
BRDA:11,0,1,0
BRDA:16,1,0,2
BRDA:16,1,1,4
BRDA:21,2,0,2
BRDA:21,2,1,2
BRDA:43,3,0,158
BRDA:43,3,1,0
BRDA:45,4,0,3
BRDA:45,4,1,155
BRDA:61,5,0,144
BRDA:61,5,1,0
BRDA:63,6,0,3
BRDA:63,6,1,141
BRF:14
BRH:11
end_of_record
